Using pre-set license
Built from '2021.1/release' branch; Version is '2021.1.0f1 (61a549675243) revision 6399305'; Using compiler version '192528614'; Build Type 'Release'
OS: 'Windows 10 Home Single Language; OS build 19042.631; Version 2009; 64bit' Language: 'en' Physical Memory: 4016 MB
BatchMode: 1, IsHumanControllingUs: 0, StartBugReporterOnCrash: 0, Is64bit: 1, IsPro: 0

 COMMAND LINE ARGUMENTS:
C:\Program Files\Unity\Hub\Editor\2021.1.0f1\Editor\Unity.exe
-adb2
-batchMode
-noUpm
-name
AssetImportWorker0
-projectPath
E:/Unity/Projects/CompleteTheWord/Complete the Word
-logFile
Logs/AssetImportWorker0.log
-srvPort
49448
Successfully changed project path to: E:/Unity/Projects/CompleteTheWord/Complete the Word
E:/Unity/Projects/CompleteTheWord/Complete the Word
Using Asset Import Pipeline V2.
Refreshing native plugins compatible for Editor in 277.81 ms, found 1 plugins.
Preloading 0 native plugins for Editor in 0.00 ms.
Initialize engine version: 2021.1.0f1 (61a549675243)
[Subsystems] Discovering subsystems at path C:/Program Files/Unity/Hub/Editor/2021.1.0f1/Editor/Data/Resources/UnitySubsystems
[Subsystems] Discovering subsystems at path E:/Unity/Projects/CompleteTheWord/Complete the Word/Assets
GfxDevice: creating device client; threaded=0; jobified=0
Direct3D:
    Version:  Direct3D 11.0 [level 11.1]
    Renderer: Intel(R) HD Graphics 5500 (ID=0x1616)
    Vendor:   Intel
    VRAM:     2008 MB
    Driver:   20.19.15.4364
Shader 'Universal Render Pipeline/Particles/Lit': fallback shader 'Universal Render Pipeline/Particles/SimpleLit' not found
Initialize mono
Mono path[0] = 'C:/Program Files/Unity/Hub/Editor/2021.1.0f1/Editor/Data/Managed'
Mono path[1] = 'C:/Program Files/Unity/Hub/Editor/2021.1.0f1/Editor/Data/MonoBleedingEdge/lib/mono/unityjit'
Mono config path = 'C:/Program Files/Unity/Hub/Editor/2021.1.0f1/Editor/Data/MonoBleedingEdge/etc'
Using monoOptions --debugger-agent=transport=dt_socket,embedding=1,server=y,suspend=n,address=127.0.0.1:56948
Begin MonoManager ReloadAssembly
Registering precompiled unity dll's ...
Register platform support module: C:/Program Files/Unity/Hub/Editor/2021.1.0f1/Editor/Data/PlaybackEngines/WindowsStandaloneSupport/UnityEditor.WindowsStandalone.Extensions.dll
Registered in 0.013607 seconds.
Native extension for WindowsStandalone target not found
Refreshing native plugins compatible for Editor in 235.11 ms, found 1 plugins.
Preloading 0 native plugins for Editor in 0.00 ms.
Mono: successfully reloaded assembly
- Completed reload, in  9.523 seconds
Platform modules already initialized, skipping
Registering precompiled user dll's ...
Registered in 0.010500 seconds.
Begin MonoManager ReloadAssembly
Native extension for WindowsStandalone target not found
Refreshing native plugins compatible for Editor in 371.25 ms, found 1 plugins.
Preloading 0 native plugins for Editor in 0.00 ms.
Mono: successfully reloaded assembly
- Completed reload, in  3.274 seconds
Platform modules already initialized, skipping
========================================================================
Worker process is ready to serve import requests
Shader 'Universal Render Pipeline/Particles/Lit': fallback shader 'Universal Render Pipeline/Particles/SimpleLit' not found
Launched and connected shader compiler UnityShaderCompiler.exe after 0.14 seconds
Refreshing native plugins compatible for Editor in 1.03 ms, found 1 plugins.
Preloading 0 native plugins for Editor in 0.00 ms.
Unloading 3989 Unused Serialized files (Serialized files now loaded: 0)
System memory in use before: 153.6 MB.
System memory in use after: 153.8 MB.

Unloading 20 unused Assets to reduce memory usage. Loaded Objects now: 4437.
Total: 4.479200 ms (FindLiveObjects: 0.534500 ms CreateObjectMapping: 0.477100 ms MarkObjects: 3.372700 ms  DeleteObjects: 0.092500 ms)

========================================================================
Received Import Request.
  path: Assets/Script/Player/PlayerMovement.cs
  artifactKey: Guid(83aa43692cecf3a4396c960557060e5f) Importer(815301076,1909f56bfc062723c751e8b465ee728b)
Start importing Assets/Script/Player/PlayerMovement.cs using Guid(83aa43692cecf3a4396c960557060e5f) Importer(815301076,1909f56bfc062723c751e8b465ee728b)  -> (artifact id: '3fd115bdfb1c0325c4f7e076c7e77e92') in 0.428888 seconds 
========================================================================
Received Import Request.
  Time since last request: 0.001722 seconds.
  path: Assets/Script/Player
  artifactKey: Guid(f97d4bb9bfc8fb04eb3aa55d430f1da0) Importer(815301076,1909f56bfc062723c751e8b465ee728b)
Start importing Assets/Script/Player using Guid(f97d4bb9bfc8fb04eb3aa55d430f1da0) Importer(815301076,1909f56bfc062723c751e8b465ee728b)  -> (artifact id: '009a0a01539421a67d0c6af0760ee800') in 0.015336 seconds 
========================================================================
Received Import Request.
  Time since last request: 569.094444 seconds.
  path: Assets/Script/Player/PlayerMovement.cs
  artifactKey: Guid(83aa43692cecf3a4396c960557060e5f) Importer(815301076,1909f56bfc062723c751e8b465ee728b)
Start importing Assets/Script/Player/PlayerMovement.cs using Guid(83aa43692cecf3a4396c960557060e5f) Importer(815301076,1909f56bfc062723c751e8b465ee728b)  -> (artifact id: '333d774b93e19551bf47131b8cfc1bc6') in 0.015243 seconds 
========================================================================
Received Prepare
Registering precompiled user dll's ...
Registered in 0.055253 seconds.
Begin MonoManager ReloadAssembly
Native extension for WindowsStandalone target not found
Refreshing native plugins compatible for Editor in 2.74 ms, found 1 plugins.
Preloading 0 native plugins for Editor in 0.00 ms.
Mono: successfully reloaded assembly
- Completed reload, in  3.805 seconds
Platform modules already initialized, skipping
Switching build target platform(19) subTarget(0) extendedPlatform(0) -> platform(13) subTarget(537395200) extendedPlatform(0)
Shader 'Universal Render Pipeline/Particles/Lit': fallback shader 'Universal Render Pipeline/Particles/SimpleLit' not found
Refreshing native plugins compatible for Editor in 1.64 ms, found 1 plugins.
Preloading 0 native plugins for Editor in 0.00 ms.
Unloading 3883 Unused Serialized files (Serialized files now loaded: 0)
System memory in use before: 147.7 MB.
System memory in use after: 148.0 MB.

Unloading 14 unused Assets to reduce memory usage. Loaded Objects now: 4441.
Total: 6.609100 ms (FindLiveObjects: 0.536300 ms CreateObjectMapping: 0.429600 ms MarkObjects: 5.592600 ms  DeleteObjects: 0.047400 ms)

AssetImportParameters requested are different than current active one (requested -> active):
  custom:graphics/normal-map-encoding: 01000000000000000000000000000000 -> 02000000000000000000000000000000
========================================================================
Received Prepare
Shader 'Universal Render Pipeline/Particles/Lit': fallback shader 'Universal Render Pipeline/Particles/SimpleLit' not found
Refreshing native plugins compatible for Editor in 14.56 ms, found 1 plugins.
Preloading 0 native plugins for Editor in 0.00 ms.
Unloading 12 Unused Serialized files (Serialized files now loaded: 0)
System memory in use before: 71.2 MB.
System memory in use after: 71.5 MB.

Unloading 12 unused Assets to reduce memory usage. Loaded Objects now: 4441.
Total: 10.592000 ms (FindLiveObjects: 0.863100 ms CreateObjectMapping: 0.723800 ms MarkObjects: 8.928100 ms  DeleteObjects: 0.071200 ms)

