Using pre-set license
Built from '2021.1/release' branch; Version is '2021.1.0f1 (61a549675243) revision 6399305'; Using compiler version '192528614'; Build Type 'Release'
OS: 'Windows 10 Home Single Language; OS build 19042.631; Version 2009; 64bit' Language: 'en' Physical Memory: 4016 MB
BatchMode: 1, IsHumanControllingUs: 0, StartBugReporterOnCrash: 0, Is64bit: 1, IsPro: 0

 COMMAND LINE ARGUMENTS:
C:\Program Files\Unity\Hub\Editor\2021.1.0f1\Editor\Unity.exe
-adb2
-batchMode
-noUpm
-name
AssetImportWorker4
-projectPath
E:/Unity/Projects/CompleteTheWord/Complete the Word
-logFile
Logs/AssetImportWorker4.log
-srvPort
60226
Successfully changed project path to: E:/Unity/Projects/CompleteTheWord/Complete the Word
E:/Unity/Projects/CompleteTheWord/Complete the Word
Using Asset Import Pipeline V2.
Refreshing native plugins compatible for Editor in 266.13 ms, found 1 plugins.
Preloading 0 native plugins for Editor in 0.00 ms.
Initialize engine version: 2021.1.0f1 (61a549675243)
[Subsystems] Discovering subsystems at path C:/Program Files/Unity/Hub/Editor/2021.1.0f1/Editor/Data/Resources/UnitySubsystems
[Subsystems] Discovering subsystems at path E:/Unity/Projects/CompleteTheWord/Complete the Word/Assets
GfxDevice: creating device client; threaded=0; jobified=0
Direct3D:
    Version:  Direct3D 11.0 [level 11.1]
    Renderer: Intel(R) HD Graphics 5500 (ID=0x1616)
    Vendor:   Intel
    VRAM:     2008 MB
    Driver:   20.19.15.4364
Shader 'Universal Render Pipeline/Particles/Lit': fallback shader 'Universal Render Pipeline/Particles/SimpleLit' not found
Initialize mono
Mono path[0] = 'C:/Program Files/Unity/Hub/Editor/2021.1.0f1/Editor/Data/Managed'
Mono path[1] = 'C:/Program Files/Unity/Hub/Editor/2021.1.0f1/Editor/Data/MonoBleedingEdge/lib/mono/unityjit'
Mono config path = 'C:/Program Files/Unity/Hub/Editor/2021.1.0f1/Editor/Data/MonoBleedingEdge/etc'
Using monoOptions --debugger-agent=transport=dt_socket,embedding=1,server=y,suspend=n,address=127.0.0.1:56360
Begin MonoManager ReloadAssembly
Registering precompiled unity dll's ...
Register platform support module: C:/Program Files/Unity/Hub/Editor/2021.1.0f1/Editor/Data/PlaybackEngines/WindowsStandaloneSupport/UnityEditor.WindowsStandalone.Extensions.dll
Registered in 0.003242 seconds.
Native extension for WindowsStandalone target not found
Refreshing native plugins compatible for Editor in 377.50 ms, found 1 plugins.
Preloading 0 native plugins for Editor in 0.00 ms.
Mono: successfully reloaded assembly
- Completed reload, in  4.862 seconds
Platform modules already initialized, skipping
Registering precompiled user dll's ...
Registered in 0.006036 seconds.
Begin MonoManager ReloadAssembly
Native extension for WindowsStandalone target not found
Refreshing native plugins compatible for Editor in 299.57 ms, found 1 plugins.
Preloading 0 native plugins for Editor in 0.00 ms.
Mono: successfully reloaded assembly
- Completed reload, in  2.902 seconds
Platform modules already initialized, skipping
========================================================================
Worker process is ready to serve import requests
Shader 'Universal Render Pipeline/Particles/Lit': fallback shader 'Universal Render Pipeline/Particles/SimpleLit' not found
Launched and connected shader compiler UnityShaderCompiler.exe after 0.31 seconds
Refreshing native plugins compatible for Editor in 1.62 ms, found 1 plugins.
Preloading 0 native plugins for Editor in 0.00 ms.
Unloading 3986 Unused Serialized files (Serialized files now loaded: 0)
System memory in use before: 154.1 MB.
System memory in use after: 154.3 MB.

Unloading 20 unused Assets to reduce memory usage. Loaded Objects now: 4435.
Total: 6.268900 ms (FindLiveObjects: 0.768600 ms CreateObjectMapping: 0.490700 ms MarkObjects: 4.855400 ms  DeleteObjects: 0.150600 ms)

========================================================================
Received Import Request.
  path: Assets/Resources/PlayerPrefabHammer.prefab
  artifactKey: Guid(77225c3bdbb66864385e5ad830d724f0) Importer(815301076,1909f56bfc062723c751e8b465ee728b)
Start importing Assets/Resources/PlayerPrefabHammer.prefab using Guid(77225c3bdbb66864385e5ad830d724f0) Importer(815301076,1909f56bfc062723c751e8b465ee728b)  -> (artifact id: '61f3a251445c8c3bfc9b293b0d26858e') in 2.312816 seconds 
========================================================================
Received Prepare
Registering precompiled user dll's ...
Registered in 0.624124 seconds.
Begin MonoManager ReloadAssembly
Native extension for WindowsStandalone target not found
Refreshing native plugins compatible for Editor in 1.37 ms, found 1 plugins.
Preloading 0 native plugins for Editor in 0.00 ms.
Mono: successfully reloaded assembly
- Completed reload, in  5.237 seconds
Platform modules already initialized, skipping
Switching build target platform(19) subTarget(0) extendedPlatform(0) -> platform(13) subTarget(537395200) extendedPlatform(0)
Shader 'Universal Render Pipeline/Particles/Lit': fallback shader 'Universal Render Pipeline/Particles/SimpleLit' not found
Refreshing native plugins compatible for Editor in 1.81 ms, found 1 plugins.
Preloading 0 native plugins for Editor in 0.00 ms.
Unloading 3880 Unused Serialized files (Serialized files now loaded: 0)
System memory in use before: 168.2 MB.
System memory in use after: 168.5 MB.

Unloading 16 unused Assets to reduce memory usage. Loaded Objects now: 4487.
Total: 4.719700 ms (FindLiveObjects: 0.726100 ms CreateObjectMapping: 0.401800 ms MarkObjects: 3.511100 ms  DeleteObjects: 0.077500 ms)

AssetImportParameters requested are different than current active one (requested -> active):
  custom:graphics/normal-map-encoding: 01000000000000000000000000000000 -> 02000000000000000000000000000000
========================================================================
Received Prepare
Registering precompiled user dll's ...
Registered in 0.141293 seconds.
Begin MonoManager ReloadAssembly
Native extension for WindowsStandalone target not found
Refreshing native plugins compatible for Editor in 1.10 ms, found 1 plugins.
Preloading 0 native plugins for Editor in 0.00 ms.
Mono: successfully reloaded assembly
- Completed reload, in  3.674 seconds
Platform modules already initialized, skipping
Switching build target platform(19) subTarget(0) extendedPlatform(0) -> platform(13) subTarget(537395200) extendedPlatform(0)
Shader 'Universal Render Pipeline/Particles/Lit': fallback shader 'Universal Render Pipeline/Particles/SimpleLit' not found
Refreshing native plugins compatible for Editor in 5.09 ms, found 1 plugins.
Preloading 0 native plugins for Editor in 0.00 ms.
Unloading 3880 Unused Serialized files (Serialized files now loaded: 0)
System memory in use before: 168.3 MB.
System memory in use after: 168.5 MB.

Unloading 14 unused Assets to reduce memory usage. Loaded Objects now: 4491.
Total: 13.183100 ms (FindLiveObjects: 4.976500 ms CreateObjectMapping: 1.598200 ms MarkObjects: 6.525700 ms  DeleteObjects: 0.075900 ms)

AssetImportParameters requested are different than current active one (requested -> active):
  custom:graphics/normal-map-encoding: 01000000000000000000000000000000 -> 02000000000000000000000000000000
========================================================================
Received Prepare
Registering precompiled user dll's ...
Registered in 0.007123 seconds.
Begin MonoManager ReloadAssembly
Native extension for WindowsStandalone target not found
Refreshing native plugins compatible for Editor in 1.18 ms, found 1 plugins.
Preloading 0 native plugins for Editor in 0.00 ms.
Mono: successfully reloaded assembly
- Completed reload, in  2.281 seconds
Platform modules already initialized, skipping
Switching build target platform(19) subTarget(0) extendedPlatform(0) -> platform(13) subTarget(537395200) extendedPlatform(0)
Shader 'Universal Render Pipeline/Particles/Lit': fallback shader 'Universal Render Pipeline/Particles/SimpleLit' not found
Refreshing native plugins compatible for Editor in 1.75 ms, found 1 plugins.
Preloading 0 native plugins for Editor in 0.00 ms.
Unloading 3880 Unused Serialized files (Serialized files now loaded: 0)
System memory in use before: 168.2 MB.
System memory in use after: 168.5 MB.

Unloading 14 unused Assets to reduce memory usage. Loaded Objects now: 4495.
Total: 4.228300 ms (FindLiveObjects: 0.409100 ms CreateObjectMapping: 0.297200 ms MarkObjects: 3.486500 ms  DeleteObjects: 0.033200 ms)

AssetImportParameters requested are different than current active one (requested -> active):
  custom:graphics/normal-map-encoding: 01000000000000000000000000000000 -> 02000000000000000000000000000000
========================================================================
Received Import Request.
  Time since last request: 1338.865024 seconds.
  path: Assets/Resources/0.prefab
  artifactKey: Guid(84f16105b585fb84ba14225adbc264f4) Importer(815301076,1909f56bfc062723c751e8b465ee728b)
Start importing Assets/Resources/0.prefab using Guid(84f16105b585fb84ba14225adbc264f4) Importer(815301076,1909f56bfc062723c751e8b465ee728b)  -> (artifact id: '451a4d9c150303d77b114320096632b4') in 1.342431 seconds 
========================================================================
Received Import Request.
  Time since last request: 21.967010 seconds.
  path: Assets/Resources/PlayerPrefab 1.prefab
  artifactKey: Guid(65e34cf5c40233b4da293678084b00b3) Importer(815301076,1909f56bfc062723c751e8b465ee728b)
Start importing Assets/Resources/PlayerPrefab 1.prefab using Guid(65e34cf5c40233b4da293678084b00b3) Importer(815301076,1909f56bfc062723c751e8b465ee728b)  -> (artifact id: '7aa4356dc30b4377e50cc7374b0fc732') in 0.194855 seconds 
========================================================================
Received Import Request.
  Time since last request: 0.000438 seconds.
  path: Assets/Resources/PlayerPrefab.prefab
  artifactKey: Guid(57bf3a7a55fa8854eba9c13b71e21bb2) Importer(815301076,1909f56bfc062723c751e8b465ee728b)
Start importing Assets/Resources/PlayerPrefab.prefab using Guid(57bf3a7a55fa8854eba9c13b71e21bb2) Importer(815301076,1909f56bfc062723c751e8b465ee728b)  -> (artifact id: '717b47b28f45822849db2c32369cdbbc') in 7.753644 seconds 
========================================================================
Received Prepare
Registering precompiled user dll's ...
Registered in 0.087048 seconds.
Begin MonoManager ReloadAssembly
Native extension for WindowsStandalone target not found
Refreshing native plugins compatible for Editor in 1.04 ms, found 1 plugins.
Preloading 0 native plugins for Editor in 0.00 ms.
Mono: successfully reloaded assembly
- Completed reload, in  1.927 seconds
Platform modules already initialized, skipping
Switching build target platform(19) subTarget(0) extendedPlatform(0) -> platform(13) subTarget(537395200) extendedPlatform(0)
Shader 'Universal Render Pipeline/Particles/Lit': fallback shader 'Universal Render Pipeline/Particles/SimpleLit' not found
Refreshing native plugins compatible for Editor in 1.05 ms, found 1 plugins.
Preloading 0 native plugins for Editor in 0.00 ms.
Unloading 3880 Unused Serialized files (Serialized files now loaded: 0)
System memory in use before: 168.5 MB.
System memory in use after: 168.7 MB.

Unloading 16 unused Assets to reduce memory usage. Loaded Objects now: 4535.
Total: 4.195000 ms (FindLiveObjects: 0.523900 ms CreateObjectMapping: 0.325700 ms MarkObjects: 3.262500 ms  DeleteObjects: 0.081100 ms)

AssetImportParameters requested are different than current active one (requested -> active):
  custom:graphics/normal-map-encoding: 01000000000000000000000000000000 -> 02000000000000000000000000000000
========================================================================
Received Prepare
Registering precompiled user dll's ...
Registered in 0.007583 seconds.
Begin MonoManager ReloadAssembly
Native extension for WindowsStandalone target not found
Refreshing native plugins compatible for Editor in 1.07 ms, found 1 plugins.
Preloading 0 native plugins for Editor in 0.00 ms.
Mono: successfully reloaded assembly
- Completed reload, in  1.945 seconds
Platform modules already initialized, skipping
Switching build target platform(19) subTarget(0) extendedPlatform(0) -> platform(13) subTarget(537395200) extendedPlatform(0)
Shader 'Universal Render Pipeline/Particles/Lit': fallback shader 'Universal Render Pipeline/Particles/SimpleLit' not found
Refreshing native plugins compatible for Editor in 1.04 ms, found 1 plugins.
Preloading 0 native plugins for Editor in 0.00 ms.
Unloading 3880 Unused Serialized files (Serialized files now loaded: 0)
System memory in use before: 168.5 MB.
System memory in use after: 168.7 MB.

Unloading 14 unused Assets to reduce memory usage. Loaded Objects now: 4539.
Total: 4.128600 ms (FindLiveObjects: 0.634500 ms CreateObjectMapping: 0.377900 ms MarkObjects: 3.083700 ms  DeleteObjects: 0.030400 ms)

AssetImportParameters requested are different than current active one (requested -> active):
  custom:graphics/normal-map-encoding: 01000000000000000000000000000000 -> 02000000000000000000000000000000
========================================================================
Received Prepare
Registering precompiled user dll's ...
Registered in 0.006272 seconds.
Begin MonoManager ReloadAssembly
Native extension for WindowsStandalone target not found
Refreshing native plugins compatible for Editor in 1.67 ms, found 1 plugins.
Preloading 0 native plugins for Editor in 0.00 ms.
Mono: successfully reloaded assembly
- Completed reload, in  2.199 seconds
Platform modules already initialized, skipping
Switching build target platform(19) subTarget(0) extendedPlatform(0) -> platform(13) subTarget(537395200) extendedPlatform(0)
Shader 'Universal Render Pipeline/Particles/Lit': fallback shader 'Universal Render Pipeline/Particles/SimpleLit' not found
Refreshing native plugins compatible for Editor in 1.11 ms, found 1 plugins.
Preloading 0 native plugins for Editor in 0.00 ms.
Unloading 3880 Unused Serialized files (Serialized files now loaded: 0)
System memory in use before: 168.4 MB.
System memory in use after: 168.7 MB.

Unloading 14 unused Assets to reduce memory usage. Loaded Objects now: 4543.
Total: 4.486800 ms (FindLiveObjects: 0.644800 ms CreateObjectMapping: 0.374300 ms MarkObjects: 3.433100 ms  DeleteObjects: 0.031900 ms)

AssetImportParameters requested are different than current active one (requested -> active):
  custom:graphics/normal-map-encoding: 01000000000000000000000000000000 -> 02000000000000000000000000000000
========================================================================
Received Prepare
Registering precompiled user dll's ...
Registered in 0.006838 seconds.
Begin MonoManager ReloadAssembly
Native extension for WindowsStandalone target not found
Refreshing native plugins compatible for Editor in 1.09 ms, found 1 plugins.
Preloading 0 native plugins for Editor in 0.00 ms.
Mono: successfully reloaded assembly
- Completed reload, in  1.915 seconds
Platform modules already initialized, skipping
Switching build target platform(19) subTarget(0) extendedPlatform(0) -> platform(13) subTarget(537395200) extendedPlatform(0)
Shader 'Universal Render Pipeline/Particles/Lit': fallback shader 'Universal Render Pipeline/Particles/SimpleLit' not found
Refreshing native plugins compatible for Editor in 1.01 ms, found 1 plugins.
Preloading 0 native plugins for Editor in 0.00 ms.
Unloading 3880 Unused Serialized files (Serialized files now loaded: 0)
System memory in use before: 168.4 MB.
System memory in use after: 168.7 MB.

Unloading 14 unused Assets to reduce memory usage. Loaded Objects now: 4547.
Total: 4.225300 ms (FindLiveObjects: 0.542100 ms CreateObjectMapping: 0.346200 ms MarkObjects: 3.303600 ms  DeleteObjects: 0.031700 ms)

AssetImportParameters requested are different than current active one (requested -> active):
  custom:graphics/normal-map-encoding: 01000000000000000000000000000000 -> 02000000000000000000000000000000
========================================================================
Received Import Request.
  Time since last request: 721.974578 seconds.
  path: Assets/Assets/Animation/Player/PlayeerAvatar Animator Controller.controller
  artifactKey: Guid(e619626eb63b7834795580757d5ca940) Importer(815301076,1909f56bfc062723c751e8b465ee728b)
Start importing Assets/Assets/Animation/Player/PlayeerAvatar Animator Controller.controller using Guid(e619626eb63b7834795580757d5ca940) Importer(815301076,1909f56bfc062723c751e8b465ee728b)  -> (artifact id: '442ede14fdd97249d3aa80605d665bc0') in 0.298544 seconds 
========================================================================
Received Prepare
Registering precompiled user dll's ...
Registered in 0.007453 seconds.
Begin MonoManager ReloadAssembly
Native extension for WindowsStandalone target not found
Refreshing native plugins compatible for Editor in 1.11 ms, found 1 plugins.
Preloading 0 native plugins for Editor in 0.00 ms.
Mono: successfully reloaded assembly
- Completed reload, in  2.226 seconds
Platform modules already initialized, skipping
Switching build target platform(19) subTarget(0) extendedPlatform(0) -> platform(13) subTarget(537395200) extendedPlatform(0)
Shader 'Universal Render Pipeline/Particles/Lit': fallback shader 'Universal Render Pipeline/Particles/SimpleLit' not found
Refreshing native plugins compatible for Editor in 1.71 ms, found 1 plugins.
Preloading 0 native plugins for Editor in 0.00 ms.
Unloading 3880 Unused Serialized files (Serialized files now loaded: 0)
System memory in use before: 168.5 MB.
System memory in use after: 168.7 MB.

Unloading 14 unused Assets to reduce memory usage. Loaded Objects now: 4551.
Total: 6.167600 ms (FindLiveObjects: 0.714700 ms CreateObjectMapping: 0.398400 ms MarkObjects: 5.010100 ms  DeleteObjects: 0.041100 ms)

AssetImportParameters requested are different than current active one (requested -> active):
  custom:graphics/normal-map-encoding: 01000000000000000000000000000000 -> 02000000000000000000000000000000
========================================================================
Received Prepare
Registering precompiled user dll's ...
Registered in 0.010693 seconds.
Begin MonoManager ReloadAssembly
Native extension for WindowsStandalone target not found
Refreshing native plugins compatible for Editor in 1.28 ms, found 1 plugins.
Preloading 0 native plugins for Editor in 0.00 ms.
Mono: successfully reloaded assembly
- Completed reload, in  2.395 seconds
Platform modules already initialized, skipping
Switching build target platform(19) subTarget(0) extendedPlatform(0) -> platform(13) subTarget(537395200) extendedPlatform(0)
Shader 'Universal Render Pipeline/Particles/Lit': fallback shader 'Universal Render Pipeline/Particles/SimpleLit' not found
Refreshing native plugins compatible for Editor in 3.20 ms, found 1 plugins.
Preloading 0 native plugins for Editor in 0.00 ms.
Unloading 3880 Unused Serialized files (Serialized files now loaded: 0)
System memory in use before: 168.5 MB.
System memory in use after: 168.7 MB.

Unloading 14 unused Assets to reduce memory usage. Loaded Objects now: 4555.
Total: 5.717900 ms (FindLiveObjects: 0.809200 ms CreateObjectMapping: 0.683400 ms MarkObjects: 4.181700 ms  DeleteObjects: 0.040900 ms)

AssetImportParameters requested are different than current active one (requested -> active):
  custom:graphics/normal-map-encoding: 01000000000000000000000000000000 -> 02000000000000000000000000000000
========================================================================
Received Prepare
Registering precompiled user dll's ...
Registered in 0.008417 seconds.
Begin MonoManager ReloadAssembly
Native extension for WindowsStandalone target not found
Refreshing native plugins compatible for Editor in 1.11 ms, found 1 plugins.
Preloading 0 native plugins for Editor in 0.00 ms.
Mono: successfully reloaded assembly
- Completed reload, in  2.636 seconds
Platform modules already initialized, skipping
Switching build target platform(19) subTarget(0) extendedPlatform(0) -> platform(13) subTarget(537395200) extendedPlatform(0)
Shader 'Universal Render Pipeline/Particles/Lit': fallback shader 'Universal Render Pipeline/Particles/SimpleLit' not found
Refreshing native plugins compatible for Editor in 3.93 ms, found 1 plugins.
Preloading 0 native plugins for Editor in 0.00 ms.
Unloading 3880 Unused Serialized files (Serialized files now loaded: 0)
System memory in use before: 168.5 MB.
System memory in use after: 168.7 MB.

Unloading 14 unused Assets to reduce memory usage. Loaded Objects now: 4559.
Total: 8.732000 ms (FindLiveObjects: 0.635400 ms CreateObjectMapping: 0.939600 ms MarkObjects: 7.112000 ms  DeleteObjects: 0.042100 ms)

AssetImportParameters requested are different than current active one (requested -> active):
  custom:graphics/normal-map-encoding: 01000000000000000000000000000000 -> 02000000000000000000000000000000
========================================================================
Received Prepare
Registering precompiled user dll's ...
Registered in 0.009281 seconds.
Begin MonoManager ReloadAssembly
Native extension for WindowsStandalone target not found
Refreshing native plugins compatible for Editor in 1.28 ms, found 1 plugins.
Preloading 0 native plugins for Editor in 0.00 ms.
Mono: successfully reloaded assembly
- Completed reload, in  2.412 seconds
Platform modules already initialized, skipping
Switching build target platform(19) subTarget(0) extendedPlatform(0) -> platform(13) subTarget(537395200) extendedPlatform(0)
Shader 'Universal Render Pipeline/Particles/Lit': fallback shader 'Universal Render Pipeline/Particles/SimpleLit' not found
Refreshing native plugins compatible for Editor in 1.20 ms, found 1 plugins.
Preloading 0 native plugins for Editor in 0.00 ms.
Unloading 3880 Unused Serialized files (Serialized files now loaded: 0)
System memory in use before: 168.5 MB.
System memory in use after: 168.7 MB.

Unloading 14 unused Assets to reduce memory usage. Loaded Objects now: 4563.
Total: 4.159000 ms (FindLiveObjects: 0.479300 ms CreateObjectMapping: 0.347000 ms MarkObjects: 3.288700 ms  DeleteObjects: 0.041700 ms)

AssetImportParameters requested are different than current active one (requested -> active):
  custom:graphics/normal-map-encoding: 01000000000000000000000000000000 -> 02000000000000000000000000000000
========================================================================
Received Prepare
Registering precompiled user dll's ...
Registered in 0.008676 seconds.
Begin MonoManager ReloadAssembly
Native extension for WindowsStandalone target not found
Refreshing native plugins compatible for Editor in 1.10 ms, found 1 plugins.
Preloading 0 native plugins for Editor in 0.00 ms.
Mono: successfully reloaded assembly
- Completed reload, in  2.196 seconds
Platform modules already initialized, skipping
Switching build target platform(19) subTarget(0) extendedPlatform(0) -> platform(13) subTarget(537395200) extendedPlatform(0)
Shader 'Universal Render Pipeline/Particles/Lit': fallback shader 'Universal Render Pipeline/Particles/SimpleLit' not found
Refreshing native plugins compatible for Editor in 1.04 ms, found 1 plugins.
Preloading 0 native plugins for Editor in 0.00 ms.
Unloading 3880 Unused Serialized files (Serialized files now loaded: 0)
System memory in use before: 168.5 MB.
System memory in use after: 168.7 MB.

Unloading 14 unused Assets to reduce memory usage. Loaded Objects now: 4567.
Total: 4.108000 ms (FindLiveObjects: 0.481300 ms CreateObjectMapping: 0.357100 ms MarkObjects: 3.238600 ms  DeleteObjects: 0.029200 ms)

AssetImportParameters requested are different than current active one (requested -> active):
  custom:graphics/normal-map-encoding: 01000000000000000000000000000000 -> 02000000000000000000000000000000
========================================================================
Received Import Request.
  Time since last request: 956.322296 seconds.
  path: Assets/Resources/PlayerPrefabHammer.prefab
  artifactKey: Guid(77225c3bdbb66864385e5ad830d724f0) Importer(815301076,1909f56bfc062723c751e8b465ee728b)
Start importing Assets/Resources/PlayerPrefabHammer.prefab using Guid(77225c3bdbb66864385e5ad830d724f0) Importer(815301076,1909f56bfc062723c751e8b465ee728b)  -> (artifact id: 'bc506b3afc3983778365b3aa7dc675cd') in 1.878474 seconds 
========================================================================
Received Import Request.
  Time since last request: 0.000318 seconds.
  path: Assets/Resources/PlayerPrefabHammer.prefab
  artifactKey: Guid(77225c3bdbb66864385e5ad830d724f0) Importer(815301076,1909f56bfc062723c751e8b465ee728b)
Start importing Assets/Resources/PlayerPrefabHammer.prefab using Guid(77225c3bdbb66864385e5ad830d724f0) Importer(815301076,1909f56bfc062723c751e8b465ee728b)  -> (artifact id: 'bd6e5511a5feb6e54def5925c496a636') in 0.196669 seconds 
========================================================================
Received Import Request.
  Time since last request: 59.496233 seconds.
  path: Assets/Resources/PlayerPrefabHammer.prefab
  artifactKey: Guid(77225c3bdbb66864385e5ad830d724f0) Importer(815301076,1909f56bfc062723c751e8b465ee728b)
Start importing Assets/Resources/PlayerPrefabHammer.prefab using Guid(77225c3bdbb66864385e5ad830d724f0) Importer(815301076,1909f56bfc062723c751e8b465ee728b)  -> (artifact id: 'b118f28e2fc4fb8ea23eca8f08bb7f84') in 0.282862 seconds 
========================================================================
Received Import Request.
  Time since last request: 0.139326 seconds.
  path: Assets/Resources/PlayerPrefabHammer.prefab
  artifactKey: Guid(77225c3bdbb66864385e5ad830d724f0) Importer(815301076,1909f56bfc062723c751e8b465ee728b)
Start importing Assets/Resources/PlayerPrefabHammer.prefab using Guid(77225c3bdbb66864385e5ad830d724f0) Importer(815301076,1909f56bfc062723c751e8b465ee728b)  -> (artifact id: 'fec243432da689188ba64979cbe6a80d') in 0.129676 seconds 
========================================================================
Received Import Request.
  Time since last request: 705.985112 seconds.
  path: Assets/Assets/Art
  artifactKey: Guid(ead5296f72d78c34abba77f5942f4a86) Importer(815301076,1909f56bfc062723c751e8b465ee728b)
Start importing Assets/Assets/Art using Guid(ead5296f72d78c34abba77f5942f4a86) Importer(815301076,1909f56bfc062723c751e8b465ee728b)  -> (artifact id: '22d01c0527c031ed4b224e86d86072b9') in 0.202791 seconds 
========================================================================
Received Import Request.
  Time since last request: 0.000474 seconds.
  path: Assets/Assets/Art/SplashBg.png
  artifactKey: Guid(62135407b7cf6294fa6242263d3d6d9d) Importer(815301076,1909f56bfc062723c751e8b465ee728b)
Start importing Assets/Assets/Art/SplashBg.png using Guid(62135407b7cf6294fa6242263d3d6d9d) Importer(815301076,1909f56bfc062723c751e8b465ee728b)  -> (artifact id: 'b3eb4471d5c839ffc959b9b50556b10f') in 0.763605 seconds 
========================================================================
Received Import Request.
  Time since last request: 0.000724 seconds.
  path: Assets/Assets/Art/Logo.png
  artifactKey: Guid(573727e74d45df9459fa798da80a22b3) Importer(815301076,1909f56bfc062723c751e8b465ee728b)
Start importing Assets/Assets/Art/Logo.png using Guid(573727e74d45df9459fa798da80a22b3) Importer(815301076,1909f56bfc062723c751e8b465ee728b)  -> (artifact id: 'e45fa47414fd13795cad0540fe9abaa1') in 0.224422 seconds 
========================================================================
Received Import Request.
  Time since last request: 0.000732 seconds.
  path: Assets/Assets/Art/MenuBG.jpg
  artifactKey: Guid(d77d1576955d75b48b149de59ff870b5) Importer(815301076,1909f56bfc062723c751e8b465ee728b)
Start importing Assets/Assets/Art/MenuBG.jpg using Guid(d77d1576955d75b48b149de59ff870b5) Importer(815301076,1909f56bfc062723c751e8b465ee728b)  -> (artifact id: '1eed7dc344f5598b0e3c0d15db5503a9') in 0.209902 seconds 
========================================================================
Received Import Request.
  Time since last request: 0.000724 seconds.
  path: Assets/Assets/Art/MY Logo.png
  artifactKey: Guid(3cb78724b6778a84493bb217798bb2b7) Importer(815301076,1909f56bfc062723c751e8b465ee728b)
Start importing Assets/Assets/Art/MY Logo.png using Guid(3cb78724b6778a84493bb217798bb2b7) Importer(815301076,1909f56bfc062723c751e8b465ee728b)  -> (artifact id: 'd4a6a225455967467d2273c001259c13') in 0.237045 seconds 
========================================================================
Received Import Request.
  Time since last request: 4.422994 seconds.
  path: Assets/Assets/Art/Button
  artifactKey: Guid(f4dad766636787b4d8a2857f8654f9ca) Importer(815301076,1909f56bfc062723c751e8b465ee728b)
Start importing Assets/Assets/Art/Button using Guid(f4dad766636787b4d8a2857f8654f9ca) Importer(815301076,1909f56bfc062723c751e8b465ee728b)  -> (artifact id: 'e160ec5ba7cccafdb0eb061990e4650f') in 0.097774 seconds 
========================================================================
Received Import Request.
  Time since last request: 9.314360 seconds.
  path: Assets/Assets/Art/Button/HammerThrowNutton.png
  artifactKey: Guid(58d16747776f5df4585a6c9b94652f2f) Importer(815301076,1909f56bfc062723c751e8b465ee728b)
Start importing Assets/Assets/Art/Button/HammerThrowNutton.png using Guid(58d16747776f5df4585a6c9b94652f2f) Importer(815301076,1909f56bfc062723c751e8b465ee728b)  -> (artifact id: '676b8a946f935386d62073de018ae31a') in 0.221700 seconds 
========================================================================
Received Import Request.
  Time since last request: 9.907782 seconds.
  path: Assets/Assets/Art/Button/HammerThrowNutton.png
  artifactKey: Guid(58d16747776f5df4585a6c9b94652f2f) Importer(815301076,1909f56bfc062723c751e8b465ee728b)
Start importing Assets/Assets/Art/Button/HammerThrowNutton.png using Guid(58d16747776f5df4585a6c9b94652f2f) Importer(815301076,1909f56bfc062723c751e8b465ee728b)  -> (artifact id: '6bdc4877ca63e14325b6000efaa17261') in 0.092202 seconds 
========================================================================
Received Import Request.
  Time since last request: 535.737826 seconds.
  path: Assets/Assets/Art/Button/HammerCatchButton.png
  artifactKey: Guid(482a6986d72e355489bdf5fc3fc06648) Importer(815301076,1909f56bfc062723c751e8b465ee728b)
Start importing Assets/Assets/Art/Button/HammerCatchButton.png using Guid(482a6986d72e355489bdf5fc3fc06648) Importer(815301076,1909f56bfc062723c751e8b465ee728b)  -> (artifact id: '8e3a604558823936bd947cd2f64e59eb') in 0.274630 seconds 
========================================================================
Received Import Request.
  Time since last request: 6.702514 seconds.
  path: Assets/Assets/Art/Button/HammerThrowButton.png
  artifactKey: Guid(58d16747776f5df4585a6c9b94652f2f) Importer(815301076,1909f56bfc062723c751e8b465ee728b)
Start importing Assets/Assets/Art/Button/HammerThrowButton.png using Guid(58d16747776f5df4585a6c9b94652f2f) Importer(815301076,1909f56bfc062723c751e8b465ee728b)  -> (artifact id: '29bb30c8355a445a32f3e220cdb5288e') in 0.063902 seconds 
========================================================================
Received Import Request.
  Time since last request: 5.249026 seconds.
  path: Assets/Assets/Art/Button/HammerCatchButton.png
  artifactKey: Guid(482a6986d72e355489bdf5fc3fc06648) Importer(815301076,1909f56bfc062723c751e8b465ee728b)
Start importing Assets/Assets/Art/Button/HammerCatchButton.png using Guid(482a6986d72e355489bdf5fc3fc06648) Importer(815301076,1909f56bfc062723c751e8b465ee728b)  -> (artifact id: 'b75e5e199426942bd0b003823bfb3052') in 0.101905 seconds 
========================================================================
Received Prepare
Registering precompiled user dll's ...
Registered in 0.053796 seconds.
Begin MonoManager ReloadAssembly
Native extension for WindowsStandalone target not found
Refreshing native plugins compatible for Editor in 1.15 ms, found 1 plugins.
Preloading 0 native plugins for Editor in 0.00 ms.
Mono: successfully reloaded assembly
- Completed reload, in  2.619 seconds
Platform modules already initialized, skipping
Switching build target platform(19) subTarget(0) extendedPlatform(0) -> platform(13) subTarget(537395200) extendedPlatform(0)
Shader 'Universal Render Pipeline/Particles/Lit': fallback shader 'Universal Render Pipeline/Particles/SimpleLit' not found
Refreshing native plugins compatible for Editor in 1.74 ms, found 1 plugins.
Preloading 0 native plugins for Editor in 0.00 ms.
Unloading 3886 Unused Serialized files (Serialized files now loaded: 0)
System memory in use before: 177.6 MB.
System memory in use after: 177.9 MB.

Unloading 16 unused Assets to reduce memory usage. Loaded Objects now: 4751.
Total: 5.150400 ms (FindLiveObjects: 0.475900 ms CreateObjectMapping: 0.347200 ms MarkObjects: 4.241600 ms  DeleteObjects: 0.083100 ms)

AssetImportParameters requested are different than current active one (requested -> active):
  custom:graphics/normal-map-encoding: 01000000000000000000000000000000 -> 02000000000000000000000000000000
========================================================================
Received Import Request.
  Time since last request: 744.715819 seconds.
  path: Assets/Photon/PhotonUnityNetworking/Demos/Shared Assets/Skin/DropDown CheckMark.png
  artifactKey: Guid(fd47c8b4ebfbd4339858d4d23f587519) Importer(815301076,1909f56bfc062723c751e8b465ee728b)
Start importing Assets/Photon/PhotonUnityNetworking/Demos/Shared Assets/Skin/DropDown CheckMark.png using Guid(fd47c8b4ebfbd4339858d4d23f587519) Importer(815301076,1909f56bfc062723c751e8b465ee728b)  -> (artifact id: 'd45393d403ced3476853a3001c689557') in 0.287423 seconds 
========================================================================
Received Import Request.
  Time since last request: 0.000413 seconds.
  path: Assets/Photon/PhotonUnityNetworking/Demos/DemoHub/Sprites/Gradient.png
  artifactKey: Guid(66efb24ed46044ab8a039599cbc47d7b) Importer(815301076,1909f56bfc062723c751e8b465ee728b)
Start importing Assets/Photon/PhotonUnityNetworking/Demos/DemoHub/Sprites/Gradient.png using Guid(66efb24ed46044ab8a039599cbc47d7b) Importer(815301076,1909f56bfc062723c751e8b465ee728b)  -> (artifact id: '5bcc8a312e98549f99df3ebce6a54f39') in 0.197413 seconds 
========================================================================
Received Import Request.
  Time since last request: 0.000389 seconds.
  path: Assets/Photon/PhotonUnityNetworking/Demos/Shared Assets/Skin/DropDown Arrow.png
  artifactKey: Guid(936345f7fc3934efa8119a8700d904c7) Importer(815301076,1909f56bfc062723c751e8b465ee728b)
Start importing Assets/Photon/PhotonUnityNetworking/Demos/Shared Assets/Skin/DropDown Arrow.png using Guid(936345f7fc3934efa8119a8700d904c7) Importer(815301076,1909f56bfc062723c751e8b465ee728b)  -> (artifact id: 'd8da72d520ba4ce6167e688da835fe39') in 0.225526 seconds 
========================================================================
Received Prepare
Registering precompiled user dll's ...
Registered in 0.007421 seconds.
Begin MonoManager ReloadAssembly
Native extension for WindowsStandalone target not found
Refreshing native plugins compatible for Editor in 1.12 ms, found 1 plugins.
Preloading 0 native plugins for Editor in 0.00 ms.
Mono: successfully reloaded assembly
- Completed reload, in  2.453 seconds
Platform modules already initialized, skipping
Switching build target platform(19) subTarget(0) extendedPlatform(0) -> platform(13) subTarget(537395200) extendedPlatform(0)
Shader 'Universal Render Pipeline/Particles/Lit': fallback shader 'Universal Render Pipeline/Particles/SimpleLit' not found
Refreshing native plugins compatible for Editor in 1.01 ms, found 1 plugins.
Preloading 0 native plugins for Editor in 0.00 ms.
Unloading 3883 Unused Serialized files (Serialized files now loaded: 0)
System memory in use before: 178.7 MB.
System memory in use after: 179.0 MB.

Unloading 14 unused Assets to reduce memory usage. Loaded Objects now: 4804.
Total: 4.544700 ms (FindLiveObjects: 0.541900 ms CreateObjectMapping: 0.349900 ms MarkObjects: 3.609400 ms  DeleteObjects: 0.041600 ms)

AssetImportParameters requested are different than current active one (requested -> active):
  custom:graphics/normal-map-encoding: 01000000000000000000000000000000 -> 02000000000000000000000000000000
========================================================================
Received Prepare
Registering precompiled user dll's ...
Registered in 0.007608 seconds.
Begin MonoManager ReloadAssembly
Native extension for WindowsStandalone target not found
Refreshing native plugins compatible for Editor in 1.25 ms, found 1 plugins.
Preloading 0 native plugins for Editor in 0.00 ms.
Mono: successfully reloaded assembly
- Completed reload, in  2.488 seconds
Platform modules already initialized, skipping
Switching build target platform(19) subTarget(0) extendedPlatform(0) -> platform(13) subTarget(537395200) extendedPlatform(0)
Shader 'Universal Render Pipeline/Particles/Lit': fallback shader 'Universal Render Pipeline/Particles/SimpleLit' not found
Refreshing native plugins compatible for Editor in 2.42 ms, found 1 plugins.
Preloading 0 native plugins for Editor in 0.00 ms.
Unloading 3880 Unused Serialized files (Serialized files now loaded: 0)
System memory in use before: 178.6 MB.
System memory in use after: 178.9 MB.

Unloading 14 unused Assets to reduce memory usage. Loaded Objects now: 4808.
Total: 4.941100 ms (FindLiveObjects: 0.710900 ms CreateObjectMapping: 0.483700 ms MarkObjects: 3.702000 ms  DeleteObjects: 0.042400 ms)

AssetImportParameters requested are different than current active one (requested -> active):
  custom:graphics/normal-map-encoding: 01000000000000000000000000000000 -> 02000000000000000000000000000000
========================================================================
Received Prepare
Registering precompiled user dll's ...
Registered in 0.006392 seconds.
Begin MonoManager ReloadAssembly
Native extension for WindowsStandalone target not found
Refreshing native plugins compatible for Editor in 1.08 ms, found 1 plugins.
Preloading 0 native plugins for Editor in 0.00 ms.
Mono: successfully reloaded assembly
- Completed reload, in  2.422 seconds
Platform modules already initialized, skipping
Switching build target platform(19) subTarget(0) extendedPlatform(0) -> platform(13) subTarget(537395200) extendedPlatform(0)
Shader 'Universal Render Pipeline/Particles/Lit': fallback shader 'Universal Render Pipeline/Particles/SimpleLit' not found
Refreshing native plugins compatible for Editor in 1.05 ms, found 1 plugins.
Preloading 0 native plugins for Editor in 0.00 ms.
Unloading 3880 Unused Serialized files (Serialized files now loaded: 0)
System memory in use before: 178.6 MB.
System memory in use after: 178.9 MB.

Unloading 14 unused Assets to reduce memory usage. Loaded Objects now: 4812.
Total: 4.653200 ms (FindLiveObjects: 0.698900 ms CreateObjectMapping: 0.358100 ms MarkObjects: 3.540800 ms  DeleteObjects: 0.053400 ms)

AssetImportParameters requested are different than current active one (requested -> active):
  custom:graphics/normal-map-encoding: 01000000000000000000000000000000 -> 02000000000000000000000000000000
========================================================================
Received Prepare
Registering precompiled user dll's ...
Registered in 0.007281 seconds.
Begin MonoManager ReloadAssembly
Native extension for WindowsStandalone target not found
Refreshing native plugins compatible for Editor in 1.79 ms, found 1 plugins.
Preloading 0 native plugins for Editor in 0.00 ms.
Mono: successfully reloaded assembly
- Completed reload, in  2.470 seconds
Platform modules already initialized, skipping
Switching build target platform(19) subTarget(0) extendedPlatform(0) -> platform(13) subTarget(537395200) extendedPlatform(0)
Shader 'Universal Render Pipeline/Particles/Lit': fallback shader 'Universal Render Pipeline/Particles/SimpleLit' not found
Refreshing native plugins compatible for Editor in 1.15 ms, found 1 plugins.
Preloading 0 native plugins for Editor in 0.00 ms.
Unloading 3880 Unused Serialized files (Serialized files now loaded: 0)
System memory in use before: 178.6 MB.
System memory in use after: 178.9 MB.

Unloading 14 unused Assets to reduce memory usage. Loaded Objects now: 4816.
Total: 4.787600 ms (FindLiveObjects: 0.521800 ms CreateObjectMapping: 0.384400 ms MarkObjects: 3.838900 ms  DeleteObjects: 0.040900 ms)

AssetImportParameters requested are different than current active one (requested -> active):
  custom:graphics/normal-map-encoding: 01000000000000000000000000000000 -> 02000000000000000000000000000000
========================================================================
Received Prepare
Registering precompiled user dll's ...
Registered in 0.007884 seconds.
Begin MonoManager ReloadAssembly
Native extension for WindowsStandalone target not found
Refreshing native plugins compatible for Editor in 1.02 ms, found 1 plugins.
Preloading 0 native plugins for Editor in 0.00 ms.
Mono: successfully reloaded assembly
- Completed reload, in  2.100 seconds
Platform modules already initialized, skipping
Switching build target platform(19) subTarget(0) extendedPlatform(0) -> platform(13) subTarget(537395200) extendedPlatform(0)
Shader 'Universal Render Pipeline/Particles/Lit': fallback shader 'Universal Render Pipeline/Particles/SimpleLit' not found
Refreshing native plugins compatible for Editor in 1.03 ms, found 1 plugins.
Preloading 0 native plugins for Editor in 0.00 ms.
Unloading 3880 Unused Serialized files (Serialized files now loaded: 0)
System memory in use before: 178.6 MB.
System memory in use after: 178.9 MB.

Unloading 14 unused Assets to reduce memory usage. Loaded Objects now: 4820.
Total: 4.488700 ms (FindLiveObjects: 0.614700 ms CreateObjectMapping: 0.441700 ms MarkObjects: 3.387300 ms  DeleteObjects: 0.043000 ms)

AssetImportParameters requested are different than current active one (requested -> active):
  custom:graphics/normal-map-encoding: 01000000000000000000000000000000 -> 02000000000000000000000000000000
========================================================================
Received Prepare
Registering precompiled user dll's ...
Registered in 0.006820 seconds.
Begin MonoManager ReloadAssembly
Native extension for WindowsStandalone target not found
Refreshing native plugins compatible for Editor in 1.10 ms, found 1 plugins.
Preloading 0 native plugins for Editor in 0.00 ms.
Mono: successfully reloaded assembly
- Completed reload, in  2.520 seconds
Platform modules already initialized, skipping
Switching build target platform(19) subTarget(0) extendedPlatform(0) -> platform(13) subTarget(537395200) extendedPlatform(0)
Shader 'Universal Render Pipeline/Particles/Lit': fallback shader 'Universal Render Pipeline/Particles/SimpleLit' not found
Refreshing native plugins compatible for Editor in 1.02 ms, found 1 plugins.
Preloading 0 native plugins for Editor in 0.00 ms.
Unloading 3880 Unused Serialized files (Serialized files now loaded: 0)
System memory in use before: 178.6 MB.
System memory in use after: 178.9 MB.

Unloading 14 unused Assets to reduce memory usage. Loaded Objects now: 4824.
Total: 4.698700 ms (FindLiveObjects: 0.661400 ms CreateObjectMapping: 0.480600 ms MarkObjects: 3.512500 ms  DeleteObjects: 0.041700 ms)

AssetImportParameters requested are different than current active one (requested -> active):
  custom:graphics/normal-map-encoding: 01000000000000000000000000000000 -> 02000000000000000000000000000000
========================================================================
Received Import Request.
  Time since last request: 973.277977 seconds.
  path: Assets/Resources/PlayerPrefabHammer.prefab
  artifactKey: Guid(77225c3bdbb66864385e5ad830d724f0) Importer(815301076,1909f56bfc062723c751e8b465ee728b)
Start importing Assets/Resources/PlayerPrefabHammer.prefab using Guid(77225c3bdbb66864385e5ad830d724f0) Importer(815301076,1909f56bfc062723c751e8b465ee728b)  -> (artifact id: 'af2126a4a798e5d46545aa43ff2e648b') in 1.722391 seconds 
========================================================================
Received Import Request.
  Time since last request: 72.789469 seconds.
  path: Assets/Resources
  artifactKey: Guid(ed3d36af00d2f0e45b67b14cc22cf7f0) Importer(815301076,1909f56bfc062723c751e8b465ee728b)
Start importing Assets/Resources using Guid(ed3d36af00d2f0e45b67b14cc22cf7f0) Importer(815301076,1909f56bfc062723c751e8b465ee728b)  -> (artifact id: '35813fa980aa8cbe3555b29e3e1cf2bf') in 0.052515 seconds 
========================================================================
Received Import Request.
  Time since last request: 0.000401 seconds.
  path: Assets/Resources/PlayerPrefabHammer.prefab
  artifactKey: Guid(77225c3bdbb66864385e5ad830d724f0) Importer(815301076,1909f56bfc062723c751e8b465ee728b)
Start importing Assets/Resources/PlayerPrefabHammer.prefab using Guid(77225c3bdbb66864385e5ad830d724f0) Importer(815301076,1909f56bfc062723c751e8b465ee728b)  -> (artifact id: 'eb46e9d8b2e644740d138db4c2af217d') in 0.187972 seconds 
========================================================================
Received Import Request.
  Time since last request: 16.358707 seconds.
  path: Assets/Resources/PlayerPrefabHammer.prefab
  artifactKey: Guid(77225c3bdbb66864385e5ad830d724f0) Importer(815301076,1909f56bfc062723c751e8b465ee728b)
Start importing Assets/Resources/PlayerPrefabHammer.prefab using Guid(77225c3bdbb66864385e5ad830d724f0) Importer(815301076,1909f56bfc062723c751e8b465ee728b)  -> (artifact id: '6640f53e9c3143c564f4508d1ed0d4c2') in 0.197509 seconds 
